[debug] [2025-05-07T10:16:13.245Z] ----------------------------------------------------------------------
[debug] [2025-05-07T10:16:13.246Z] Command:       /home/minoru/.nvm/versions/node/v23.7.0/bin/node /home/minoru/.nvm/versions/node/v23.7.0/bin/firebase init
[debug] [2025-05-07T10:16:13.247Z] CLI Version:   14.2.2
[debug] [2025-05-07T10:16:13.247Z] Platform:      linux
[debug] [2025-05-07T10:16:13.247Z] Node Version:  v23.7.0
[debug] [2025-05-07T10:16:13.247Z] Time:          Wed May 07 2025 15:46:13 GMT+0530 (India Standard Time)
[debug] [2025-05-07T10:16:13.247Z] ----------------------------------------------------------------------
[debug] 
[debug] [2025-05-07T10:16:13.250Z] > command requires scopes: ["email","openid","https://www.googleapis.com/auth/cloudplatformprojects.readonly","https://www.googleapis.com/auth/firebase","https://www.googleapis.com/auth/cloud-platform"]
[debug] [2025-05-07T10:16:13.251Z] > authorizing via signed-in user (rohitmalik987789@gmail.com)
[info] 
     ######## #### ########  ######## ########     ###     ######  ########
     ##        ##  ##     ## ##       ##     ##  ##   ##  ##       ##
     ######    ##  ########  ######   ########  #########  ######  ######
     ##        ##  ##    ##  ##       ##     ## ##     ##       ## ##
     ##       #### ##     ## ######## ########  ##     ##  ######  ########

You're about to initialize a Firebase project in this directory:

  /home/minoru/code/angular2

[info] 
=== Project Setup
[info] 
[info] First, let's associate this project directory with a Firebase project.
[info] You can create multiple project aliases by running firebase use --add, 
[info] but for now we'll just set up a default project.
[info] 
[debug] [2025-05-07T10:16:17.355Z] Checked if tokens are valid: true, expires at: 1746616490216
[debug] [2025-05-07T10:16:17.355Z] Checked if tokens are valid: true, expires at: 1746616490216
[debug] [2025-05-07T10:16:17.357Z] >>> [apiv2][query] GET https://firebase.googleapis.com/v1beta1/projects pageSize=100
[debug] [2025-05-07T10:16:19.268Z] <<< [apiv2][status] GET https://firebase.googleapis.com/v1beta1/projects 200
[debug] [2025-05-07T10:16:19.268Z] <<< [apiv2][body] GET https://firebase.googleapis.com/v1beta1/projects [omitted]
[info] i  Using project angular-10b4e (Angular) 
[info] 
=== Hosting Setup
[debug] [2025-05-07T10:16:21.347Z] Checked if tokens are valid: true, expires at: 1746616490216
[debug] [2025-05-07T10:16:21.347Z] Checked if tokens are valid: true, expires at: 1746616490216
[debug] [2025-05-07T10:16:21.348Z] >>> [apiv2][query] GET https://firebase.googleapis.com/v1beta1/projects/angular-10b4e [none]
[debug] [2025-05-07T10:16:21.725Z] <<< [apiv2][status] GET https://firebase.googleapis.com/v1beta1/projects/angular-10b4e 200
[debug] [2025-05-07T10:16:21.725Z] <<< [apiv2][body] GET https://firebase.googleapis.com/v1beta1/projects/angular-10b4e {"projectId":"angular-10b4e","projectNumber":"718483415840","displayName":"Angular","name":"projects/angular-10b4e","resources":{"hostingSite":"angular-10b4e","realtimeDatabaseInstance":"angular-10b4e-default-rtdb"},"state":"ACTIVE","etag":"1_304b0cee-ec53-4677-b80d-5daa97748380"}
[info] 
[info] Your public directory is the folder (relative to your project directory) that
[info] will contain Hosting assets to be uploaded with firebase deploy. If you
[info] have a build process for your assets, use your build's output directory.
[info] 
[debug] [2025-05-07T10:17:21.161Z] >>> [apiv2][query] GET https://www.gstatic.com/firebasejs/releases.json [none]
[debug] [2025-05-07T10:17:21.234Z] <<< [apiv2][status] GET https://www.gstatic.com/firebasejs/releases.json 200
[debug] [2025-05-07T10:17:21.234Z] <<< [apiv2][body] GET https://www.gstatic.com/firebasejs/releases.json {"current":{"version":"11.6.1","browserURL":"https://www.gstatic.com/firebasejs/11.6.1/firebase.js","packageURL":"https://www.gstatic.com/firebasejs/11.6.1/firebase.tgz"},"live":{"version":"11.6","browserURL":"https://www.gstatic.com/firebasejs/live/11.6/firebase.js","packageURL":"https://www.gstatic.com/firebasejs/live/11.6/firebase.tgz"},"components":{"analytics":"https://www.gstatic.com/firebasejs/11.6.1/firebase-analytics.js","app":"https://www.gstatic.com/firebasejs/11.6.1/firebase-app.js","app-check":"https://www.gstatic.com/firebasejs/11.6.1/firebase-app-check.js","auth":"https://www.gstatic.com/firebasejs/11.6.1/firebase-auth.js","auth/cordova":"https://www.gstatic.com/firebasejs/11.6.1/firebase-auth/cordova.js","auth/web-extension":"https://www.gstatic.com/firebasejs/11.6.1/firebase-auth/web-extension.js","functions":"https://www.gstatic.com/firebasejs/11.6.1/firebase-functions.js","firestore":"https://www.gstatic.com/firebasejs/11.6.1/firebase-firestore.js","firestore/lite":"https://www.gstatic.com/firebasejs/11.6.1/firebase-firestore/lite.js","installations":"https://www.gstatic.com/firebasejs/11.6.1/firebase-installations.js","storage":"https://www.gstatic.com/firebasejs/11.6.1/firebase-storage.js","performance":"https://www.gstatic.com/firebasejs/11.6.1/firebase-performance.js","remote-config":"https://www.gstatic.com/firebasejs/11.6.1/firebase-remote-config.js","messaging":"https://www.gstatic.com/firebasejs/11.6.1/firebase-messaging.js","messaging/sw":"https://www.gstatic.com/firebasejs/11.6.1/firebase-messaging/sw.js","database":"https://www.gstatic.com/firebasejs/11.6.1/firebase-database.js","vertexai":"https://www.gstatic.com/firebasejs/11.6.1/firebase-vertexai.js","data-connect":"https://www.gstatic.com/firebasejs/11.6.1/firebase-data-connect.js","firestore.memory":"https://www.gstatic.com/firebasejs/11.6.1/firebase-firestore.memory.js"}}
[debug] [2025-05-07T10:17:21.377Z] Error: EACCES: permission denied, mkdir '/dist/angular2'
    at Object.mkdirSync (node:fs:1361:26)
    at module.exports.makeDirSync (/home/minoru/.nvm/versions/node/v23.7.0/lib/node_modules/firebase-tools/node_modules/fs-extra/lib/mkdirs/make-dir.js:23:13)
    at Object.createFileSync (/home/minoru/.nvm/versions/node/v23.7.0/lib/node_modules/firebase-tools/node_modules/fs-extra/lib/ensure/file.js:59:45)
    at Config.writeProjectFile (/home/minoru/.nvm/versions/node/v23.7.0/lib/node_modules/firebase-tools/lib/config.js:162:12)
    at Config.askWriteProjectFile (/home/minoru/.nvm/versions/node/v23.7.0/lib/node_modules/firebase-tools/lib/config.js:192:18)
    at doSetup (/home/minoru/.nvm/versions/node/v23.7.0/lib/node_modules/firebase-tools/lib/init/features/hosting/index.js:177:22)
    at process.processTicksAndRejections (node:internal/process/task_queues:105:5)
    at async init (/home/minoru/.nvm/versions/node/v23.7.0/lib/node_modules/firebase-tools/lib/init/index.js:41:9)
[error] 
[error] Error: An unexpected error has occurred.
[debug] [2025-05-07T10:17:25.843Z] ----------------------------------------------------------------------
[debug] [2025-05-07T10:17:25.845Z] Command:       /home/minoru/.nvm/versions/node/v23.7.0/bin/node /home/minoru/.nvm/versions/node/v23.7.0/bin/firebase init
[debug] [2025-05-07T10:17:25.845Z] CLI Version:   14.2.2
[debug] [2025-05-07T10:17:25.845Z] Platform:      linux
[debug] [2025-05-07T10:17:25.845Z] Node Version:  v23.7.0
[debug] [2025-05-07T10:17:25.846Z] Time:          Wed May 07 2025 15:47:25 GMT+0530 (India Standard Time)
[debug] [2025-05-07T10:17:25.846Z] ----------------------------------------------------------------------
[debug] 
[debug] [2025-05-07T10:17:25.849Z] > command requires scopes: ["email","openid","https://www.googleapis.com/auth/cloudplatformprojects.readonly","https://www.googleapis.com/auth/firebase","https://www.googleapis.com/auth/cloud-platform"]
[debug] [2025-05-07T10:17:25.849Z] > authorizing via signed-in user (rohitmalik987789@gmail.com)
[info] 
     ######## #### ########  ######## ########     ###     ######  ########
     ##        ##  ##     ## ##       ##     ##  ##   ##  ##       ##
     ######    ##  ########  ######   ########  #########  ######  ######
     ##        ##  ##    ##  ##       ##     ## ##     ##       ## ##
     ##       #### ##     ## ######## ########  ##     ##  ######  ########

You're about to initialize a Firebase project in this directory:

  /home/minoru/code/angular2

[info] 
=== Project Setup
[info] 
[info] First, let's associate this project directory with a Firebase project.
[info] You can create multiple project aliases by running firebase use --add, 
[info] but for now we'll just set up a default project.
[info] 
[info] i  If you want to create a project in a Google Cloud organization or folder, please use "firebase projects:create" instead, and return to this command when you've created the project. 
[debug] [2025-05-07T10:18:00.516Z] Checked if tokens are valid: true, expires at: 1746616490216
[debug] [2025-05-07T10:18:00.516Z] Checked if tokens are valid: true, expires at: 1746616490216
[debug] [2025-05-07T10:18:00.517Z] >>> [apiv2][query] POST https://cloudresourcemanager.googleapis.com/v1/projects [none]
[debug] [2025-05-07T10:18:00.517Z] >>> [apiv2][body] POST https://cloudresourcemanager.googleapis.com/v1/projects {"projectId":"angular2","name":"angular2"}
[debug] [2025-05-07T10:18:02.189Z] <<< [apiv2][status] POST https://cloudresourcemanager.googleapis.com/v1/projects 409
[debug] [2025-05-07T10:18:02.189Z] <<< [apiv2][body] POST https://cloudresourcemanager.googleapis.com/v1/projects {"error":{"code":409,"message":"Requested entity already exists","status":"ALREADY_EXISTS"}}
[debug] [2025-05-07T10:18:02.323Z] FirebaseError: Request to https://cloudresourcemanager.googleapis.com/v1/projects had HTTP Error: 409, Requested entity already exists
    at responseToError (/home/minoru/.nvm/versions/node/v23.7.0/lib/node_modules/firebase-tools/lib/responseToError.js:52:12)
    at RetryOperation._fn (/home/minoru/.nvm/versions/node/v23.7.0/lib/node_modules/firebase-tools/lib/apiv2.js:312:77)
    at process.processTicksAndRejections (node:internal/process/task_queues:105:5)
[error] 
[error] Error: Failed to create project because there is already a project with ID angular2. Please try again with a unique project ID.
[debug] [2025-05-07T10:18:09.165Z] ----------------------------------------------------------------------
[debug] [2025-05-07T10:18:09.166Z] Command:       /home/minoru/.nvm/versions/node/v23.7.0/bin/node /home/minoru/.nvm/versions/node/v23.7.0/bin/firebase init
[debug] [2025-05-07T10:18:09.167Z] CLI Version:   14.2.2
[debug] [2025-05-07T10:18:09.167Z] Platform:      linux
[debug] [2025-05-07T10:18:09.167Z] Node Version:  v23.7.0
[debug] [2025-05-07T10:18:09.167Z] Time:          Wed May 07 2025 15:48:09 GMT+0530 (India Standard Time)
[debug] [2025-05-07T10:18:09.167Z] ----------------------------------------------------------------------
[debug] 
[debug] [2025-05-07T10:18:09.171Z] > command requires scopes: ["email","openid","https://www.googleapis.com/auth/cloudplatformprojects.readonly","https://www.googleapis.com/auth/firebase","https://www.googleapis.com/auth/cloud-platform"]
[debug] [2025-05-07T10:18:09.171Z] > authorizing via signed-in user (rohitmalik987789@gmail.com)
[info] 
     ######## #### ########  ######## ########     ###     ######  ########
     ##        ##  ##     ## ##       ##     ##  ##   ##  ##       ##
     ######    ##  ########  ######   ########  #########  ######  ######
     ##        ##  ##    ##  ##       ##     ## ##     ##       ## ##
     ##       #### ##     ## ######## ########  ##     ##  ######  ########

You're about to initialize a Firebase project in this directory:

  /home/minoru/code/angular2

[info] 
=== Project Setup
[info] 
[info] First, let's associate this project directory with a Firebase project.
[info] You can create multiple project aliases by running firebase use --add, 
[info] but for now we'll just set up a default project.
[info] 
[info] i  If you want to create a project in a Google Cloud organization or folder, please use "firebase projects:create" instead, and return to this command when you've created the project. 
[debug] [2025-05-07T10:18:28.658Z] Checked if tokens are valid: true, expires at: 1746616490216
[debug] [2025-05-07T10:18:28.659Z] Checked if tokens are valid: true, expires at: 1746616490216
[debug] [2025-05-07T10:18:28.661Z] >>> [apiv2][query] POST https://cloudresourcemanager.googleapis.com/v1/projects [none]
[debug] [2025-05-07T10:18:28.661Z] >>> [apiv2][body] POST https://cloudresourcemanager.googleapis.com/v1/projects {"projectId":"ang-test-2","name":"ang-test-2"}
[debug] [2025-05-07T10:18:30.191Z] <<< [apiv2][status] POST https://cloudresourcemanager.googleapis.com/v1/projects 409
[debug] [2025-05-07T10:18:30.191Z] <<< [apiv2][body] POST https://cloudresourcemanager.googleapis.com/v1/projects {"error":{"code":409,"message":"Requested entity already exists","status":"ALREADY_EXISTS"}}
[debug] [2025-05-07T10:18:30.320Z] FirebaseError: Request to https://cloudresourcemanager.googleapis.com/v1/projects had HTTP Error: 409, Requested entity already exists
    at responseToError (/home/minoru/.nvm/versions/node/v23.7.0/lib/node_modules/firebase-tools/lib/responseToError.js:52:12)
    at RetryOperation._fn (/home/minoru/.nvm/versions/node/v23.7.0/lib/node_modules/firebase-tools/lib/apiv2.js:312:77)
    at process.processTicksAndRejections (node:internal/process/task_queues:105:5)
[error] 
[error] Error: Failed to create project because there is already a project with ID ang-test-2. Please try again with a unique project ID.
[debug] [2025-05-07T10:18:34.382Z] ----------------------------------------------------------------------
[debug] [2025-05-07T10:18:34.384Z] Command:       /home/minoru/.nvm/versions/node/v23.7.0/bin/node /home/minoru/.nvm/versions/node/v23.7.0/bin/firebase init
[debug] [2025-05-07T10:18:34.385Z] CLI Version:   14.2.2
[debug] [2025-05-07T10:18:34.385Z] Platform:      linux
[debug] [2025-05-07T10:18:34.385Z] Node Version:  v23.7.0
[debug] [2025-05-07T10:18:34.385Z] Time:          Wed May 07 2025 15:48:34 GMT+0530 (India Standard Time)
[debug] [2025-05-07T10:18:34.385Z] ----------------------------------------------------------------------
[debug] 
[debug] [2025-05-07T10:18:34.388Z] > command requires scopes: ["email","openid","https://www.googleapis.com/auth/cloudplatformprojects.readonly","https://www.googleapis.com/auth/firebase","https://www.googleapis.com/auth/cloud-platform"]
[debug] [2025-05-07T10:18:34.389Z] > authorizing via signed-in user (rohitmalik987789@gmail.com)
[info] 
     ######## #### ########  ######## ########     ###     ######  ########
     ##        ##  ##     ## ##       ##     ##  ##   ##  ##       ##
     ######    ##  ########  ######   ########  #########  ######  ######
     ##        ##  ##    ##  ##       ##     ## ##     ##       ## ##
     ##       #### ##     ## ######## ########  ##     ##  ######  ########

You're about to initialize a Firebase project in this directory:

  /home/minoru/code/angular2

[info] 
=== Project Setup
[info] 
[info] First, let's associate this project directory with a Firebase project.
[info] You can create multiple project aliases by running firebase use --add, 
[info] but for now we'll just set up a default project.
[info] 
[info] i  If you want to create a project in a Google Cloud organization or folder, please use "firebase projects:create" instead, and return to this command when you've created the project. 
[debug] [2025-05-07T10:18:53.278Z] Checked if tokens are valid: true, expires at: 1746616490216
[debug] [2025-05-07T10:18:53.278Z] Checked if tokens are valid: true, expires at: 1746616490216
[debug] [2025-05-07T10:18:53.279Z] >>> [apiv2][query] POST https://cloudresourcemanager.googleapis.com/v1/projects [none]
[debug] [2025-05-07T10:18:53.279Z] >>> [apiv2][body] POST https://cloudresourcemanager.googleapis.com/v1/projects {"projectId":"ang-test-2-osmosys-rohit","name":"ang-test-2-osmosys-rohit"}
[debug] [2025-05-07T10:18:54.812Z] <<< [apiv2][status] POST https://cloudresourcemanager.googleapis.com/v1/projects 200
[debug] [2025-05-07T10:18:54.812Z] <<< [apiv2][body] POST https://cloudresourcemanager.googleapis.com/v1/projects {"name":"operations/create_project.global.8556827355225649219"}
[debug] [2025-05-07T10:18:54.812Z] Checked if tokens are valid: true, expires at: 1746616490216
[debug] [2025-05-07T10:18:54.812Z] Checked if tokens are valid: true, expires at: 1746616490216
[debug] [2025-05-07T10:18:54.812Z] >>> [apiv2][query] GET https://cloudresourcemanager.googleapis.com/v1/operations/create_project.global.8556827355225649219 [none]
[debug] [2025-05-07T10:18:56.239Z] <<< [apiv2][status] GET https://cloudresourcemanager.googleapis.com/v1/operations/create_project.global.8556827355225649219 200
[debug] [2025-05-07T10:18:56.239Z] <<< [apiv2][body] GET https://cloudresourcemanager.googleapis.com/v1/operations/create_project.global.8556827355225649219 {"name":"operations/create_project.global.8556827355225649219","metadata":{"@type":"type.googleapis.com/google.cloudresourcemanager.v1.ProjectCreationStatus","gettable":true,"ready":true},"done":true,"response":{"@type":"type.googleapis.com/google.cloudresourcemanager.v1.Project","projectNumber":"440026683872","projectId":"ang-test-2-osmosys-rohit","lifecycleState":"ACTIVE","name":"ang-test-2-osmosys-rohit","createTime":"2025-05-07T10:18:55.346055Z"}}
[debug] [2025-05-07T10:18:56.241Z] Checked if tokens are valid: true, expires at: 1746616490216
[debug] [2025-05-07T10:18:56.241Z] Checked if tokens are valid: true, expires at: 1746616490216
[debug] [2025-05-07T10:18:56.241Z] >>> [apiv2][query] POST https://firebase.googleapis.com/v1beta1/projects/ang-test-2-osmosys-rohit:addFirebase [none]
[debug] [2025-05-07T10:18:58.038Z] <<< [apiv2][status] POST https://firebase.googleapis.com/v1beta1/projects/ang-test-2-osmosys-rohit:addFirebase 200
[debug] [2025-05-07T10:18:58.038Z] <<< [apiv2][body] POST https://firebase.googleapis.com/v1beta1/projects/ang-test-2-osmosys-rohit:addFirebase {"name":"operations/workflows/ZTk5MzgyYjQtMWFkNi00NzU5LWJmMWYtZWExODU1NWFmMDEz"}
[debug] [2025-05-07T10:18:58.038Z] Checked if tokens are valid: true, expires at: 1746616490216
[debug] [2025-05-07T10:18:58.038Z] Checked if tokens are valid: true, expires at: 1746616490216
[debug] [2025-05-07T10:18:58.038Z] >>> [apiv2][query] GET https://firebase.googleapis.com/v1beta1/operations/workflows/ZTk5MzgyYjQtMWFkNi00NzU5LWJmMWYtZWExODU1NWFmMDEz [none]
[debug] [2025-05-07T10:18:59.579Z] <<< [apiv2][status] GET https://firebase.googleapis.com/v1beta1/operations/workflows/ZTk5MzgyYjQtMWFkNi00NzU5LWJmMWYtZWExODU1NWFmMDEz 200
[debug] [2025-05-07T10:18:59.579Z] <<< [apiv2][body] GET https://firebase.googleapis.com/v1beta1/operations/workflows/ZTk5MzgyYjQtMWFkNi00NzU5LWJmMWYtZWExODU1NWFmMDEz {"name":"operations/workflows/ZTk5MzgyYjQtMWFkNi00NzU5LWJmMWYtZWExODU1NWFmMDEz"}
[debug] [2025-05-07T10:19:00.081Z] [Add Firebase Poller] Retrying task index 0
[debug] [2025-05-07T10:19:00.081Z] Checked if tokens are valid: true, expires at: 1746616490216
[debug] [2025-05-07T10:19:00.082Z] Checked if tokens are valid: true, expires at: 1746616490216
[debug] [2025-05-07T10:19:00.082Z] >>> [apiv2][query] GET https://firebase.googleapis.com/v1beta1/operations/workflows/ZTk5MzgyYjQtMWFkNi00NzU5LWJmMWYtZWExODU1NWFmMDEz [none]
[debug] [2025-05-07T10:19:00.581Z] <<< [apiv2][status] GET https://firebase.googleapis.com/v1beta1/operations/workflows/ZTk5MzgyYjQtMWFkNi00NzU5LWJmMWYtZWExODU1NWFmMDEz 200
[debug] [2025-05-07T10:19:00.581Z] <<< [apiv2][body] GET https://firebase.googleapis.com/v1beta1/operations/workflows/ZTk5MzgyYjQtMWFkNi00NzU5LWJmMWYtZWExODU1NWFmMDEz {"name":"operations/workflows/ZTk5MzgyYjQtMWFkNi00NzU5LWJmMWYtZWExODU1NWFmMDEz"}
[debug] [2025-05-07T10:19:01.582Z] [Add Firebase Poller] Retrying task index 0
[debug] [2025-05-07T10:19:01.583Z] Checked if tokens are valid: true, expires at: 1746616490216
[debug] [2025-05-07T10:19:01.583Z] Checked if tokens are valid: true, expires at: 1746616490216
[debug] [2025-05-07T10:19:01.583Z] >>> [apiv2][query] GET https://firebase.googleapis.com/v1beta1/operations/workflows/ZTk5MzgyYjQtMWFkNi00NzU5LWJmMWYtZWExODU1NWFmMDEz [none]
[debug] [2025-05-07T10:19:02.277Z] <<< [apiv2][status] GET https://firebase.googleapis.com/v1beta1/operations/workflows/ZTk5MzgyYjQtMWFkNi00NzU5LWJmMWYtZWExODU1NWFmMDEz 200
[debug] [2025-05-07T10:19:02.277Z] <<< [apiv2][body] GET https://firebase.googleapis.com/v1beta1/operations/workflows/ZTk5MzgyYjQtMWFkNi00NzU5LWJmMWYtZWExODU1NWFmMDEz {"name":"operations/workflows/ZTk5MzgyYjQtMWFkNi00NzU5LWJmMWYtZWExODU1NWFmMDEz"}
[debug] [2025-05-07T10:19:04.278Z] [Add Firebase Poller] Retrying task index 0
[debug] [2025-05-07T10:19:04.278Z] Checked if tokens are valid: true, expires at: 1746616490216
[debug] [2025-05-07T10:19:04.278Z] Checked if tokens are valid: true, expires at: 1746616490216
[debug] [2025-05-07T10:19:04.278Z] >>> [apiv2][query] GET https://firebase.googleapis.com/v1beta1/operations/workflows/ZTk5MzgyYjQtMWFkNi00NzU5LWJmMWYtZWExODU1NWFmMDEz [none]
[debug] [2025-05-07T10:19:04.671Z] <<< [apiv2][status] GET https://firebase.googleapis.com/v1beta1/operations/workflows/ZTk5MzgyYjQtMWFkNi00NzU5LWJmMWYtZWExODU1NWFmMDEz 200
[debug] [2025-05-07T10:19:04.672Z] <<< [apiv2][body] GET https://firebase.googleapis.com/v1beta1/operations/workflows/ZTk5MzgyYjQtMWFkNi00NzU5LWJmMWYtZWExODU1NWFmMDEz {"name":"operations/workflows/ZTk5MzgyYjQtMWFkNi00NzU5LWJmMWYtZWExODU1NWFmMDEz"}
[debug] [2025-05-07T10:19:08.672Z] [Add Firebase Poller] Retrying task index 0
[debug] [2025-05-07T10:19:08.673Z] Checked if tokens are valid: true, expires at: 1746616490216
[debug] [2025-05-07T10:19:08.673Z] Checked if tokens are valid: true, expires at: 1746616490216
[debug] [2025-05-07T10:19:08.673Z] >>> [apiv2][query] GET https://firebase.googleapis.com/v1beta1/operations/workflows/ZTk5MzgyYjQtMWFkNi00NzU5LWJmMWYtZWExODU1NWFmMDEz [none]
[debug] [2025-05-07T10:19:09.273Z] <<< [apiv2][status] GET https://firebase.googleapis.com/v1beta1/operations/workflows/ZTk5MzgyYjQtMWFkNi00NzU5LWJmMWYtZWExODU1NWFmMDEz 200
[debug] [2025-05-07T10:19:09.273Z] <<< [apiv2][body] GET https://firebase.googleapis.com/v1beta1/operations/workflows/ZTk5MzgyYjQtMWFkNi00NzU5LWJmMWYtZWExODU1NWFmMDEz {"name":"operations/workflows/ZTk5MzgyYjQtMWFkNi00NzU5LWJmMWYtZWExODU1NWFmMDEz"}
[debug] [2025-05-07T10:19:17.273Z] [Add Firebase Poller] Retrying task index 0
[debug] [2025-05-07T10:19:17.274Z] Checked if tokens are valid: true, expires at: 1746616490216
[debug] [2025-05-07T10:19:17.274Z] Checked if tokens are valid: true, expires at: 1746616490216
[debug] [2025-05-07T10:19:17.274Z] >>> [apiv2][query] GET https://firebase.googleapis.com/v1beta1/operations/workflows/ZTk5MzgyYjQtMWFkNi00NzU5LWJmMWYtZWExODU1NWFmMDEz [none]
[debug] [2025-05-07T10:19:18.449Z] <<< [apiv2][status] GET https://firebase.googleapis.com/v1beta1/operations/workflows/ZTk5MzgyYjQtMWFkNi00NzU5LWJmMWYtZWExODU1NWFmMDEz 200
[debug] [2025-05-07T10:19:18.449Z] <<< [apiv2][body] GET https://firebase.googleapis.com/v1beta1/operations/workflows/ZTk5MzgyYjQtMWFkNi00NzU5LWJmMWYtZWExODU1NWFmMDEz {"name":"operations/workflows/ZTk5MzgyYjQtMWFkNi00NzU5LWJmMWYtZWExODU1NWFmMDEz","done":true,"response":{"@type":"type.googleapis.com/google.firebase.service.v1beta1.FirebaseProject","projectId":"ang-test-2-osmosys-rohit","projectNumber":"440026683872","displayName":"ang-test-2-osmosys-rohit","name":"projects/ang-test-2-osmosys-rohit","resources":{"hostingSite":"ang-test-2-osmosys-rohit"}}}
[info] 
[info] 🎉🎉🎉 Your Firebase project is ready! 🎉🎉🎉
[info] 
[info] Project information:
[info]    - Project ID: ang-test-2-osmosys-rohit
[info]    - Project Name: ang-test-2-osmosys-rohit
[info] 
[info] Firebase console is available at
[info] https://console.firebase.google.com/project/ang-test-2-osmosys-rohit/overview
[info] i  Using project ang-test-2-osmosys-rohit (ang-test-2-osmosys-rohit) 
[info] 
=== Hosting Setup
[debug] [2025-05-07T10:19:18.457Z] Checked if tokens are valid: true, expires at: 1746616490216
[debug] [2025-05-07T10:19:18.457Z] Checked if tokens are valid: true, expires at: 1746616490216
[debug] [2025-05-07T10:19:18.458Z] >>> [apiv2][query] GET https://firebase.googleapis.com/v1beta1/projects/ang-test-2-osmosys-rohit [none]
[debug] [2025-05-07T10:19:19.941Z] <<< [apiv2][status] GET https://firebase.googleapis.com/v1beta1/projects/ang-test-2-osmosys-rohit 200
[debug] [2025-05-07T10:19:19.941Z] <<< [apiv2][body] GET https://firebase.googleapis.com/v1beta1/projects/ang-test-2-osmosys-rohit {"projectId":"ang-test-2-osmosys-rohit","projectNumber":"440026683872","displayName":"ang-test-2-osmosys-rohit","name":"projects/ang-test-2-osmosys-rohit","resources":{"hostingSite":"ang-test-2-osmosys-rohit"},"state":"ACTIVE","etag":"1_164eed67-59c2-4a67-b5e3-179776357cb0"}
[info] 
[info] Your public directory is the folder (relative to your project directory) that
[info] will contain Hosting assets to be uploaded with firebase deploy. If you
[info] have a build process for your assets, use your build's output directory.
[info] 
[debug] [2025-05-07T10:20:23.931Z] >>> [apiv2][query] GET https://www.gstatic.com/firebasejs/releases.json [none]
[debug] [2025-05-07T10:20:24.001Z] <<< [apiv2][status] GET https://www.gstatic.com/firebasejs/releases.json 200
[debug] [2025-05-07T10:20:24.001Z] <<< [apiv2][body] GET https://www.gstatic.com/firebasejs/releases.json {"current":{"version":"11.6.1","browserURL":"https://www.gstatic.com/firebasejs/11.6.1/firebase.js","packageURL":"https://www.gstatic.com/firebasejs/11.6.1/firebase.tgz"},"live":{"version":"11.6","browserURL":"https://www.gstatic.com/firebasejs/live/11.6/firebase.js","packageURL":"https://www.gstatic.com/firebasejs/live/11.6/firebase.tgz"},"components":{"analytics":"https://www.gstatic.com/firebasejs/11.6.1/firebase-analytics.js","app":"https://www.gstatic.com/firebasejs/11.6.1/firebase-app.js","app-check":"https://www.gstatic.com/firebasejs/11.6.1/firebase-app-check.js","auth":"https://www.gstatic.com/firebasejs/11.6.1/firebase-auth.js","auth/cordova":"https://www.gstatic.com/firebasejs/11.6.1/firebase-auth/cordova.js","auth/web-extension":"https://www.gstatic.com/firebasejs/11.6.1/firebase-auth/web-extension.js","functions":"https://www.gstatic.com/firebasejs/11.6.1/firebase-functions.js","firestore":"https://www.gstatic.com/firebasejs/11.6.1/firebase-firestore.js","firestore/lite":"https://www.gstatic.com/firebasejs/11.6.1/firebase-firestore/lite.js","installations":"https://www.gstatic.com/firebasejs/11.6.1/firebase-installations.js","storage":"https://www.gstatic.com/firebasejs/11.6.1/firebase-storage.js","performance":"https://www.gstatic.com/firebasejs/11.6.1/firebase-performance.js","remote-config":"https://www.gstatic.com/firebasejs/11.6.1/firebase-remote-config.js","messaging":"https://www.gstatic.com/firebasejs/11.6.1/firebase-messaging.js","messaging/sw":"https://www.gstatic.com/firebasejs/11.6.1/firebase-messaging/sw.js","database":"https://www.gstatic.com/firebasejs/11.6.1/firebase-database.js","vertexai":"https://www.gstatic.com/firebasejs/11.6.1/firebase-vertexai.js","data-connect":"https://www.gstatic.com/firebasejs/11.6.1/firebase-data-connect.js","firestore.memory":"https://www.gstatic.com/firebasejs/11.6.1/firebase-firestore.memory.js"}}
[debug] [2025-05-07T10:20:24.145Z] Error: EACCES: permission denied, mkdir '/dist/angular2'
    at Object.mkdirSync (node:fs:1361:26)
    at module.exports.makeDirSync (/home/minoru/.nvm/versions/node/v23.7.0/lib/node_modules/firebase-tools/node_modules/fs-extra/lib/mkdirs/make-dir.js:23:13)
    at Object.createFileSync (/home/minoru/.nvm/versions/node/v23.7.0/lib/node_modules/firebase-tools/node_modules/fs-extra/lib/ensure/file.js:59:45)
    at Config.writeProjectFile (/home/minoru/.nvm/versions/node/v23.7.0/lib/node_modules/firebase-tools/lib/config.js:162:12)
    at Config.askWriteProjectFile (/home/minoru/.nvm/versions/node/v23.7.0/lib/node_modules/firebase-tools/lib/config.js:192:18)
    at doSetup (/home/minoru/.nvm/versions/node/v23.7.0/lib/node_modules/firebase-tools/lib/init/features/hosting/index.js:177:22)
    at process.processTicksAndRejections (node:internal/process/task_queues:105:5)
    at async init (/home/minoru/.nvm/versions/node/v23.7.0/lib/node_modules/firebase-tools/lib/init/index.js:41:9)
[error] 
[error] Error: An unexpected error has occurred.
